<?xml version="1.0" encoding="UTF-8"?>
<TestRun id="2db0cf27-405c-4ca2-beb5-1f149d71f12f" name="1@TOSHIBA 2016-01-28 22:18:04" runUser="Toshiba\1" xmlns="http://microsoft.com/schemas/VisualStudio/TeamTest/2010">
  <TestSettings name="Local" id="19b208f0-1400-4fe0-8396-539fa63a7390">
    <Description>These are default test settings for a local test run.</Description>
    <Execution>
      <TestTypeSpecific>
        <UnitTestRunConfig testTypeId="13cdc9d9-ddb5-4fa4-a97d-d965ccfc6d4b">
          <AssemblyResolution>
            <TestDirectory useLoadContext="true" />
          </AssemblyResolution>
        </UnitTestRunConfig>
        <WebTestRunConfiguration testTypeId="4e7599fa-5ecb-43e9-a887-cd63cf72d207">
          <Browser name="Internet Explorer 11.0" MaxConnections="6">
            <Headers>
              <Header name="User-Agent" value="Mozilla/5.0 (Windows NT 6.3; Trident/7.0; rv:11.0) like Gecko" />
              <Header name="Accept" value="*/*" />
              <Header name="Accept-Language" value="{{$IEAcceptLanguage}}" />
              <Header name="Accept-Encoding" value="GZIP" />
            </Headers>
          </Browser>
        </WebTestRunConfiguration>
        <WebAiiTestRunConfig testTypeId="c4241296-3c6e-46b1-bf92-e0bd3e0eb017" Settings="&lt;?xml version=&quot;1.0&quot; encoding=&quot;utf-16&quot;?&gt;&#xD;&#xA;&lt;Settings xmlns:xsi=&quot;http://www.w3.org/2001/XMLSchema-instance&quot; xmlns:xsd=&quot;http://www.w3.org/2001/XMLSchema&quot;&gt;&#xD;&#xA;  &lt;Web&gt;&#xD;&#xA;    &lt;WebKitExecutionDelay&gt;0&lt;/WebKitExecutionDelay&gt;&#xD;&#xA;    &lt;ExecutingBrowsers /&gt;&#xD;&#xA;    &lt;UseMultiBrowserExecution&gt;false&lt;/UseMultiBrowserExecution&gt;&#xD;&#xA;    &lt;RecycleBrowser&gt;false&lt;/RecycleBrowser&gt;&#xD;&#xA;    &lt;AspNetDevServerPort&gt;-1&lt;/AspNetDevServerPort&gt;&#xD;&#xA;    &lt;LocalWebServer&gt;None&lt;/LocalWebServer&gt;&#xD;&#xA;    &lt;EnableUILessRequestViewing&gt;false&lt;/EnableUILessRequestViewing&gt;&#xD;&#xA;    &lt;WebAppPhysicalPath /&gt;&#xD;&#xA;    &lt;DefaultBrowser&gt;InternetExplorer&lt;/DefaultBrowser&gt;&#xD;&#xA;    &lt;Browser&gt;InternetExplorer&lt;/Browser&gt;&#xD;&#xA;    &lt;EnableScriptLogging&gt;false&lt;/EnableScriptLogging&gt;&#xD;&#xA;    &lt;BaseUrl /&gt;&#xD;&#xA;    &lt;KillBrowserProcessOnClose&gt;false&lt;/KillBrowserProcessOnClose&gt;&#xD;&#xA;    &lt;UseHttpProxy&gt;false&lt;/UseHttpProxy&gt;&#xD;&#xA;    &lt;EnableSilverlight&gt;false&lt;/EnableSilverlight&gt;&#xD;&#xA;    &lt;VerboseHttpProxy&gt;false&lt;/VerboseHttpProxy&gt;&#xD;&#xA;    &lt;SilverlightConnectTimeout&gt;60000&lt;/SilverlightConnectTimeout&gt;&#xD;&#xA;  &lt;/Web&gt;&#xD;&#xA;  &lt;Wpf&gt;&#xD;&#xA;    &lt;DefaultApplicationPath /&gt;&#xD;&#xA;  &lt;/Wpf&gt;&#xD;&#xA;  &lt;CreateLogFile&gt;true&lt;/CreateLogFile&gt;&#xD;&#xA;  &lt;LogLocation&gt;C:\WebAiiLog\&lt;/LogLocation&gt;&#xD;&#xA;  &lt;QueryEventLogErrorsOnExit&gt;false&lt;/QueryEventLogErrorsOnExit&gt;&#xD;&#xA;  &lt;LogAnnotations&gt;false&lt;/LogAnnotations&gt;&#xD;&#xA;  &lt;SimulatedMouseMoveSpeed&gt;0.3&lt;/SimulatedMouseMoveSpeed&gt;&#xD;&#xA;  &lt;WaitCheckInterval&gt;500&lt;/WaitCheckInterval&gt;&#xD;&#xA;  &lt;ElementWaitTimeout&gt;30000&lt;/ElementWaitTimeout&gt;&#xD;&#xA;  &lt;ExecuteCommandTimeout&gt;20000&lt;/ExecuteCommandTimeout&gt;&#xD;&#xA;  &lt;ExecutionDelay&gt;0&lt;/ExecutionDelay&gt;&#xD;&#xA;  &lt;UnexpectedDialogAction&gt;HandleAndFailTest&lt;/UnexpectedDialogAction&gt;&#xD;&#xA;  &lt;AnnotateExecution&gt;false&lt;/AnnotateExecution&gt;&#xD;&#xA;  &lt;AnnotationMode&gt;All&lt;/AnnotationMode&gt;&#xD;&#xA;  &lt;XMultiMgr&gt;true&lt;/XMultiMgr&gt;&#xD;&#xA;  &lt;ClientReadyTimeout&gt;60000&lt;/ClientReadyTimeout&gt;&#xD;&#xA;&lt;/Settings&gt;" xmlns="http://artoftest.com/schemas/WebAiiDesignCanvas/1.0.0" />
      </TestTypeSpecific>
      <AgentRule name="LocalMachineDefaultRole">
      </AgentRule>
    </Execution>
    <Deployment runDeploymentRoot="1_TOSHIBA 2016-01-28 22_18_04" />
    <Properties>
      <Property name="TestSettingsUIType" value="UnitTest" />
    </Properties>
  </TestSettings>
  <Times creation="2016-01-28T22:18:04.7439567+02:00" queuing="2016-01-28T22:18:05.8099153+02:00" start="2016-01-28T22:18:06.0443027+02:00" finish="2016-01-28T22:18:31.6666460+02:00" />
  <ResultSummary outcome="Completed">
    <Counters total="1" executed="1" passed="1" error="0" failed="0" timeout="0" aborted="0" inconclusive="0" passedButRunAborted="0" notRunnable="0" notExecuted="0" disconnected="0" warning="0" completed="0" inProgress="0" pending="0" />
  </ResultSummary>
  <TestDefinitions>
    <WebTest name="NavigationToCoursesPage" storage="d:\programming\telerik2015\qa\talsrepo\automation\talearningsystemwebandloadtest\talearningsystemwebandloadtest\navigationbetweenpages\navigationtocoursespage.webtest" id="c3b763c9-55c5-460b-861e-1065189e0d9e" persistedWebTest="77u/PD94bWwgdmVyc2lvbj0iMS4wIiBlbmNvZGluZz0iVVRGLTgiIHN0YW5kYWxvbmU9InllcyI/Pg0KPFdlYlRlc3QgTmFtZT0iTmF2aWdhdGlvblRvQ291cnNlc1BhZ2UiIElkPSJjM2I3NjNjOS01NWM1LTQ2MGItODYxZS0xMDY1MTg5ZTBkOWUiIE93bmVyPSIiIFByaW9yaXR5PSIyMTQ3NDgzNjQ3IiBFbmFibGVkPSJUcnVlIiBDc3NQcm9qZWN0U3RydWN0dXJlPSIiIENzc0l0ZXJhdGlvbj0iIiBUaW1lb3V0PSIwIiBXb3JrSXRlbUlkcz0iIiB4bWxucz0iaHR0cDovL21pY3Jvc29mdC5jb20vc2NoZW1hcy9WaXN1YWxTdHVkaW8vVGVhbVRlc3QvMjAxMCIgRGVzY3JpcHRpb249IiIgQ3JlZGVudGlhbFVzZXJOYW1lPSIiIENyZWRlbnRpYWxQYXNzd29yZD0iIiBQcmVBdXRoZW50aWNhdGU9IlRydWUiIFByb3h5PSJkZWZhdWx0IiBTdG9wT25FcnJvcj0iRmFsc2UiIFJlY29yZGVkUmVzdWx0RmlsZT0iTmF2aWdhdGlvblRvQ291cnNlc1BhZ2UuYmIwZTNkMTktNWNlOS00OGFkLWEzNjgtYTAwNzI4Njc2MDM2LnJlYy53ZWJ0ZXN0cmVzdWx0IiBSZXN1bHRzTG9jYWxlPSIiPg0KICA8SXRlbXM+DQogICAgPFJlcXVlc3QgTWV0aG9kPSJHRVQiIEd1aWQ9IjMwODljY2NiLTZjNjQtNGYwZS05NjA3LTY2YWU1YzBlZDVkOCIgVmVyc2lvbj0iMS4xIiBVcmw9Int7U3RhZ2VFbnZpcm9ubWVudH19LyIgVGhpbmtUaW1lPSIxIiBUaW1lb3V0PSIxMjAiIFBhcnNlRGVwZW5kZW50UmVxdWVzdHM9IlRydWUiIEZvbGxvd1JlZGlyZWN0cz0iVHJ1ZSIgUmVjb3JkUmVzdWx0PSJUcnVlIiBDYWNoZT0iRmFsc2UiIFJlc3BvbnNlVGltZUdvYWw9IjAiIEVuY29kaW5nPSJ1dGYtOCIgRXhwZWN0ZWRIdHRwU3RhdHVzQ29kZT0iMCIgRXhwZWN0ZWRSZXNwb25zZVVybD0iIiBSZXBvcnRpbmdOYW1lPSIiIElnbm9yZUh0dHBTdGF0dXNDb2RlPSJGYWxzZSIgLz4NCiAgICA8UmVxdWVzdCBNZXRob2Q9IkdFVCIgR3VpZD0iNDM4NWNiNTAtYjQ5OC00OWJjLTliYWUtYjRkZjU3ODZjOWM0IiBWZXJzaW9uPSIxLjEiIFVybD0ie3tTdGFnZUVudmlyb25tZW50fX0vVXNlcnMvQXV0aC9Mb2dpbiIgVGhpbmtUaW1lPSIyIiBUaW1lb3V0PSIxMjAiIFBhcnNlRGVwZW5kZW50UmVxdWVzdHM9IlRydWUiIEZvbGxvd1JlZGlyZWN0cz0iVHJ1ZSIgUmVjb3JkUmVzdWx0PSJUcnVlIiBDYWNoZT0iRmFsc2UiIFJlc3BvbnNlVGltZUdvYWw9IjAiIEVuY29kaW5nPSJ1dGYtOCIgRXhwZWN0ZWRIdHRwU3RhdHVzQ29kZT0iMCIgRXhwZWN0ZWRSZXNwb25zZVVybD0iIiBSZXBvcnRpbmdOYW1lPSIiIElnbm9yZUh0dHBTdGF0dXNDb2RlPSJGYWxzZSI+DQogICAgICA8RGVwZW5kZW50UmVxdWVzdHM+DQogICAgICAgIDxSZXF1ZXN0IE1ldGhvZD0iR0VUIiBHdWlkPSI1NGRhMDVhMS1jNTgyLTRlMjYtOTIzZi1kMzYyZjk5YjYwOGYiIFZlcnNpb249IjEuMSIgVXJsPSJ7e1N0YWdlRW52aXJvbm1lbnR9fS9mb250cy9nbHlwaGljb25zLWhhbGZsaW5ncy1yZWd1bGFyLmVvdCIgVGhpbmtUaW1lPSIxMyIgVGltZW91dD0iMzAwIiBQYXJzZURlcGVuZGVudFJlcXVlc3RzPSJUcnVlIiBGb2xsb3dSZWRpcmVjdHM9IlRydWUiIFJlY29yZFJlc3VsdD0iVHJ1ZSIgQ2FjaGU9IkZhbHNlIiBSZXNwb25zZVRpbWVHb2FsPSIwIiBFbmNvZGluZz0idXRmLTgiIEV4cGVjdGVkSHR0cFN0YXR1c0NvZGU9IjAiIEV4cGVjdGVkUmVzcG9uc2VVcmw9IiIgUmVwb3J0aW5nTmFtZT0iIiBJZ25vcmVIdHRwU3RhdHVzQ29kZT0iRmFsc2UiPg0KICAgICAgICAgIDxIZWFkZXJzPg0KICAgICAgICAgICAgPEhlYWRlciBOYW1lPSJSZWZlcmVyIiBWYWx1ZT0ie3tTdGFnZUVudmlyb25tZW50fX0vVXNlcnMvQXV0aC9Mb2dpbiIgLz4NCiAgICAgICAgICA8L0hlYWRlcnM+DQogICAgICAgICAgPFF1ZXJ5U3RyaW5nUGFyYW1ldGVycz4NCiAgICAgICAgICAgIDxRdWVyeVN0cmluZ1BhcmFtZXRlciBOYW1lPSIiIFZhbHVlPSIiIFJlY29yZGVkVmFsdWU9IiIgQ29ycmVsYXRpb25CaW5kaW5nPSIiIFVybEVuY29kZT0iRmFsc2UiIFVzZVRvR3JvdXBSZXN1bHRzPSJGYWxzZSIgLz4NCiAgICAgICAgICA8L1F1ZXJ5U3RyaW5nUGFyYW1ldGVycz4NCiAgICAgICAgPC9SZXF1ZXN0Pg0KICAgICAgPC9EZXBlbmRlbnRSZXF1ZXN0cz4NCiAgICAgIDxIZWFkZXJzPg0KICAgICAgICA8SGVhZGVyIE5hbWU9IlJlZmVyZXIiIFZhbHVlPSJ7e1N0YWdlRW52aXJvbm1lbnR9fS8iIC8+DQogICAgICA8L0hlYWRlcnM+DQogICAgPC9SZXF1ZXN0Pg0KICAgIDxSZXF1ZXN0IE1ldGhvZD0iUE9TVCIgR3VpZD0iYTc4YWZmN2UtNzgxZC00YzNmLThkM2YtZTkyMGYwODFkMjQ3IiBWZXJzaW9uPSIxLjEiIFVybD0ie3tTdGFnZUVudmlyb25tZW50fX0vVXNlcnMvQXV0aC9Mb2dpbiIgVGhpbmtUaW1lPSIxIiBUaW1lb3V0PSIxMjAiIFBhcnNlRGVwZW5kZW50UmVxdWVzdHM9IlRydWUiIEZvbGxvd1JlZGlyZWN0cz0iVHJ1ZSIgUmVjb3JkUmVzdWx0PSJUcnVlIiBDYWNoZT0iRmFsc2UiIFJlc3BvbnNlVGltZUdvYWw9IjAiIEVuY29kaW5nPSJ1dGYtOCIgRXhwZWN0ZWRIdHRwU3RhdHVzQ29kZT0iMCIgRXhwZWN0ZWRSZXNwb25zZVVybD0ie3tTdGFnZUVudmlyb25tZW50fX0vIiBSZXBvcnRpbmdOYW1lPSIiIElnbm9yZUh0dHBTdGF0dXNDb2RlPSJGYWxzZSI+DQogICAgICA8RGVwZW5kZW50UmVxdWVzdHM+DQogICAgICAgIDxSZXF1ZXN0IE1ldGhvZD0iR0VUIiBHdWlkPSJiMDg4NGNlZC01OTczLTQ4OTgtOTQxYy0zN2JmYWQzN2I2NmYiIFZlcnNpb249IjEuMSIgVXJsPSJ7e1N0YWdlRW52aXJvbm1lbnR9fS9mb250cy9nbHlwaGljb25zLWhhbGZsaW5ncy1yZWd1bGFyLmVvdCIgVGhpbmtUaW1lPSIwIiBUaW1lb3V0PSIzMDAiIFBhcnNlRGVwZW5kZW50UmVxdWVzdHM9IlRydWUiIEZvbGxvd1JlZGlyZWN0cz0iVHJ1ZSIgUmVjb3JkUmVzdWx0PSJUcnVlIiBDYWNoZT0iRmFsc2UiIFJlc3BvbnNlVGltZUdvYWw9IjAiIEVuY29kaW5nPSJ1dGYtOCIgRXhwZWN0ZWRIdHRwU3RhdHVzQ29kZT0iMCIgRXhwZWN0ZWRSZXNwb25zZVVybD0iIiBSZXBvcnRpbmdOYW1lPSIiIElnbm9yZUh0dHBTdGF0dXNDb2RlPSJGYWxzZSI+DQogICAgICAgICAgPEhlYWRlcnM+DQogICAgICAgICAgICA8SGVhZGVyIE5hbWU9IlJlZmVyZXIiIFZhbHVlPSJ7e1N0YWdlRW52aXJvbm1lbnR9fS8iIC8+DQogICAgICAgICAgPC9IZWFkZXJzPg0KICAgICAgICAgIDxRdWVyeVN0cmluZ1BhcmFtZXRlcnM+DQogICAgICAgICAgICA8UXVlcnlTdHJpbmdQYXJhbWV0ZXIgTmFtZT0iIiBWYWx1ZT0iIiBSZWNvcmRlZFZhbHVlPSIiIENvcnJlbGF0aW9uQmluZGluZz0iIiBVcmxFbmNvZGU9IkZhbHNlIiBVc2VUb0dyb3VwUmVzdWx0cz0iRmFsc2UiIC8+DQogICAgICAgICAgPC9RdWVyeVN0cmluZ1BhcmFtZXRlcnM+DQogICAgICAgIDwvUmVxdWVzdD4NCiAgICAgIDwvRGVwZW5kZW50UmVxdWVzdHM+DQogICAgICA8SGVhZGVycz4NCiAgICAgICAgPEhlYWRlciBOYW1lPSJSZWZlcmVyIiBWYWx1ZT0ie3tTdGFnZUVudmlyb25tZW50fX0vVXNlcnMvQXV0aC9Mb2dpbiIgLz4NCiAgICAgIDwvSGVhZGVycz4NCiAgICAgIDxGb3JtUG9zdEh0dHBCb2R5Pg0KICAgICAgICA8Rm9ybVBvc3RQYXJhbWV0ZXIgTmFtZT0iVXNlcm5hbWVPckVtYWlsIiBWYWx1ZT0iR2lhbnRUZXN0VXNlciIgUmVjb3JkZWRWYWx1ZT0iR2lhbnRUZXN0VXNlciIgQ29ycmVsYXRpb25CaW5kaW5nPSIiIFVybEVuY29kZT0iVHJ1ZSIgLz4NCiAgICAgICAgPEZvcm1Qb3N0UGFyYW1ldGVyIE5hbWU9IlBhc3N3b3JkIiBWYWx1ZT0iMTIzNDU2IiBSZWNvcmRlZFZhbHVlPSIxMjM0NTYiIENvcnJlbGF0aW9uQmluZGluZz0iIiBVcmxFbmNvZGU9IlRydWUiIC8+DQogICAgICA8L0Zvcm1Qb3N0SHR0cEJvZHk+DQogICAgPC9SZXF1ZXN0Pg0KICAgIDxSZXF1ZXN0IE1ldGhvZD0iR0VUIiBHdWlkPSI2YjIyYWQyNi1hZTk4LTRlYWEtYmY3ZS03NDYyZmU4YjFlYzkiIFZlcnNpb249IjEuMSIgVXJsPSJ7e1N0YWdlRW52aXJvbm1lbnR9fS9Vc2Vycy9BdXRoL0xvZ091dCIgVGhpbmtUaW1lPSIxIiBUaW1lb3V0PSIxMjAiIFBhcnNlRGVwZW5kZW50UmVxdWVzdHM9IlRydWUiIEZvbGxvd1JlZGlyZWN0cz0iVHJ1ZSIgUmVjb3JkUmVzdWx0PSJUcnVlIiBDYWNoZT0iRmFsc2UiIFJlc3BvbnNlVGltZUdvYWw9IjAiIEVuY29kaW5nPSJ1dGYtOCIgRXhwZWN0ZWRIdHRwU3RhdHVzQ29kZT0iMCIgRXhwZWN0ZWRSZXNwb25zZVVybD0ie3tTdGFnZUVudmlyb25tZW50fX0vIiBSZXBvcnRpbmdOYW1lPSIiIElnbm9yZUh0dHBTdGF0dXNDb2RlPSJGYWxzZSI+DQogICAgICA8RGVwZW5kZW50UmVxdWVzdHM+DQogICAgICAgIDxSZXF1ZXN0IE1ldGhvZD0iR0VUIiBHdWlkPSIyYWIxMGNiNS0xNzM1LTQ2MzAtYWU0Zi1lNjMxMjMyYjc3YzMiIFZlcnNpb249IjEuMSIgVXJsPSJ7e1N0YWdlRW52aXJvbm1lbnR9fS9mb250cy9nbHlwaGljb25zLWhhbGZsaW5ncy1yZWd1bGFyLmVvdCIgVGhpbmtUaW1lPSIwIiBUaW1lb3V0PSIzMDAiIFBhcnNlRGVwZW5kZW50UmVxdWVzdHM9IlRydWUiIEZvbGxvd1JlZGlyZWN0cz0iVHJ1ZSIgUmVjb3JkUmVzdWx0PSJUcnVlIiBDYWNoZT0iRmFsc2UiIFJlc3BvbnNlVGltZUdvYWw9IjAiIEVuY29kaW5nPSJ1dGYtOCIgRXhwZWN0ZWRIdHRwU3RhdHVzQ29kZT0iMCIgRXhwZWN0ZWRSZXNwb25zZVVybD0iIiBSZXBvcnRpbmdOYW1lPSIiIElnbm9yZUh0dHBTdGF0dXNDb2RlPSJGYWxzZSI+DQogICAgICAgICAgPEhlYWRlcnM+DQogICAgICAgICAgICA8SGVhZGVyIE5hbWU9IlJlZmVyZXIiIFZhbHVlPSJ7e1N0YWdlRW52aXJvbm1lbnR9fS8iIC8+DQogICAgICAgICAgPC9IZWFkZXJzPg0KICAgICAgICAgIDxRdWVyeVN0cmluZ1BhcmFtZXRlcnM+DQogICAgICAgICAgICA8UXVlcnlTdHJpbmdQYXJhbWV0ZXIgTmFtZT0iIiBWYWx1ZT0iIiBSZWNvcmRlZFZhbHVlPSIiIENvcnJlbGF0aW9uQmluZGluZz0iIiBVcmxFbmNvZGU9IkZhbHNlIiBVc2VUb0dyb3VwUmVzdWx0cz0iRmFsc2UiIC8+DQogICAgICAgICAgPC9RdWVyeVN0cmluZ1BhcmFtZXRlcnM+DQogICAgICAgIDwvUmVxdWVzdD4NCiAgICAgIDwvRGVwZW5kZW50UmVxdWVzdHM+DQogICAgICA8SGVhZGVycz4NCiAgICAgICAgPEhlYWRlciBOYW1lPSJSZWZlcmVyIiBWYWx1ZT0ie3tTdGFnZUVudmlyb25tZW50fX0vIiAvPg0KICAgICAgPC9IZWFkZXJzPg0KICAgIDwvUmVxdWVzdD4NCiAgPC9JdGVtcz4NCiAgPENvbnRleHRQYXJhbWV0ZXJzPg0KICAgIDxDb250ZXh0UGFyYW1ldGVyIE5hbWU9IlN0YWdlRW52aXJvbm1lbnQiIFZhbHVlPSJodHRwOi8vc3RhZ2UudGVsZXJpa2FjYWRlbXkuY29tIiAvPg0KICA8L0NvbnRleHRQYXJhbWV0ZXJzPg0KICA8VmFsaWRhdGlvblJ1bGVzPg0KICAgIDxWYWxpZGF0aW9uUnVsZSBDbGFzc25hbWU9Ik1pY3Jvc29mdC5WaXN1YWxTdHVkaW8uVGVzdFRvb2xzLldlYlRlc3RpbmcuUnVsZXMuVmFsaWRhdGVSZXNwb25zZVVybCwgTWljcm9zb2Z0LlZpc3VhbFN0dWRpby5RdWFsaXR5VG9vbHMuV2ViVGVzdEZyYW1ld29yaywgVmVyc2lvbj0xMC4wLjAuMCwgQ3VsdHVyZT1uZXV0cmFsLCBQdWJsaWNLZXlUb2tlbj1iMDNmNWY3ZjExZDUwYTNhIiBEaXNwbGF5TmFtZT0iUmVzcG9uc2UgVVJMIiBEZXNjcmlwdGlvbj0iVmFsaWRhdGVzIHRoYXQgdGhlIHJlc3BvbnNlIFVSTCBhZnRlciByZWRpcmVjdHMgYXJlIGZvbGxvd2VkIGlzIHRoZSBzYW1lIGFzIHRoZSByZWNvcmRlZCByZXNwb25zZSBVUkwuICBRdWVyeVN0cmluZyBwYXJhbWV0ZXJzIGFyZSBpZ25vcmVkLiIgTGV2ZWw9IkxvdyIgRXhlY3R1aW9uT3JkZXI9IkJlZm9yZURlcGVuZGVudHMiIC8+DQogICAgPFZhbGlkYXRpb25SdWxlIENsYXNzbmFtZT0iTWljcm9zb2Z0LlZpc3VhbFN0dWRpby5UZXN0VG9vbHMuV2ViVGVzdGluZy5SdWxlcy5WYWxpZGF0aW9uUnVsZVJlc3BvbnNlVGltZUdvYWwsIE1pY3Jvc29mdC5WaXN1YWxTdHVkaW8uUXVhbGl0eVRvb2xzLldlYlRlc3RGcmFtZXdvcmssIFZlcnNpb249MTAuMC4wLjAsIEN1bHR1cmU9bmV1dHJhbCwgUHVibGljS2V5VG9rZW49YjAzZjVmN2YxMWQ1MGEzYSIgRGlzcGxheU5hbWU9IlJlc3BvbnNlIFRpbWUgR29hbCIgRGVzY3JpcHRpb249IlZhbGlkYXRlcyB0aGF0IHRoZSByZXNwb25zZSB0aW1lIGZvciB0aGUgcmVxdWVzdCBpcyBsZXNzIHRoYW4gb3IgZXF1YWwgdG8gdGhlIHJlc3BvbnNlIHRpbWUgZ29hbCBhcyBzcGVjaWZpZWQgb24gdGhlIHJlcXVlc3QuICBSZXNwb25zZSB0aW1lIGdvYWxzIG9mIHplcm8gd2lsbCBiZSBpZ25vcmVkLiIgTGV2ZWw9IkxvdyIgRXhlY3R1aW9uT3JkZXI9IkFmdGVyRGVwZW5kZW50cyI+DQogICAgICA8UnVsZVBhcmFtZXRlcnM+DQogICAgICAgIDxSdWxlUGFyYW1ldGVyIE5hbWU9IlRvbGVyYW5jZSIgVmFsdWU9IjAiIC8+DQogICAgICA8L1J1bGVQYXJhbWV0ZXJzPg0KICAgIDwvVmFsaWRhdGlvblJ1bGU+DQogIDwvVmFsaWRhdGlvblJ1bGVzPg0KPC9XZWJUZXN0Pg==">
      <Execution id="efc67c57-42e9-4f8f-8543-c2847ed18d7a" />
    </WebTest>
  </TestDefinitions>
  <TestLists>
    <TestList name="Results Not in a List" id="8c84fa94-04c1-424b-9868-57a2d4851a1d" />
    <TestList name="All Loaded Results" id="19431567-8539-422a-85d7-44ee4e166bda" />
  </TestLists>
  <TestEntries>
    <TestEntry isTransparent="false" testId="c3b763c9-55c5-460b-861e-1065189e0d9e" executionId="efc67c57-42e9-4f8f-8543-c2847ed18d7a" testListId="8c84fa94-04c1-424b-9868-57a2d4851a1d" />
  </TestEntries>
  <Results>
    <WebTestResult executionId="efc67c57-42e9-4f8f-8543-c2847ed18d7a" testId="c3b763c9-55c5-460b-861e-1065189e0d9e" testName="NavigationToCoursesPage" computerName="TOSHIBA" duration="00:00:14.7098048" startTime="2016-01-28T22:18:06.1224312+02:00" endTime="2016-01-28T22:18:31.5104109+02:00" testType="4e7599fa-5ecb-43e9-a887-cd63cf72d207" outcome="Passed" testListId="8c84fa94-04c1-424b-9868-57a2d4851a1d" relativeResultsDirectory="efc67c57-42e9-4f8f-8543-c2847ed18d7a">
      <ResultFiles>
        <ResultFile path="NavigationToCoursesPage.webtestResult" />
      </ResultFiles>
      <TestSettings name="Local" id="19b208f0-1400-4fe0-8396-539fa63a7390">
        <Description>These are default test settings for a local test run.</Description>
        <Execution>
          <TestTypeSpecific>
            <UnitTestRunConfig testTypeId="13cdc9d9-ddb5-4fa4-a97d-d965ccfc6d4b">
              <AssemblyResolution>
                <TestDirectory useLoadContext="true" />
              </AssemblyResolution>
            </UnitTestRunConfig>
            <WebTestRunConfiguration testTypeId="4e7599fa-5ecb-43e9-a887-cd63cf72d207">
              <Browser name="Internet Explorer 11.0" MaxConnections="6">
                <Headers>
                  <Header name="User-Agent" value="Mozilla/5.0 (Windows NT 6.3; Trident/7.0; rv:11.0) like Gecko" />
                  <Header name="Accept" value="*/*" />
                  <Header name="Accept-Language" value="{{$IEAcceptLanguage}}" />
                  <Header name="Accept-Encoding" value="GZIP" />
                </Headers>
              </Browser>
            </WebTestRunConfiguration>
            <WebAiiTestRunConfig testTypeId="c4241296-3c6e-46b1-bf92-e0bd3e0eb017" Settings="&lt;?xml version=&quot;1.0&quot; encoding=&quot;utf-16&quot;?&gt;&#xD;&#xA;&lt;Settings xmlns:xsi=&quot;http://www.w3.org/2001/XMLSchema-instance&quot; xmlns:xsd=&quot;http://www.w3.org/2001/XMLSchema&quot;&gt;&#xD;&#xA;  &lt;Web&gt;&#xD;&#xA;    &lt;WebKitExecutionDelay&gt;0&lt;/WebKitExecutionDelay&gt;&#xD;&#xA;    &lt;ExecutingBrowsers /&gt;&#xD;&#xA;    &lt;UseMultiBrowserExecution&gt;false&lt;/UseMultiBrowserExecution&gt;&#xD;&#xA;    &lt;RecycleBrowser&gt;false&lt;/RecycleBrowser&gt;&#xD;&#xA;    &lt;AspNetDevServerPort&gt;-1&lt;/AspNetDevServerPort&gt;&#xD;&#xA;    &lt;LocalWebServer&gt;None&lt;/LocalWebServer&gt;&#xD;&#xA;    &lt;EnableUILessRequestViewing&gt;false&lt;/EnableUILessRequestViewing&gt;&#xD;&#xA;    &lt;WebAppPhysicalPath /&gt;&#xD;&#xA;    &lt;DefaultBrowser&gt;InternetExplorer&lt;/DefaultBrowser&gt;&#xD;&#xA;    &lt;Browser&gt;InternetExplorer&lt;/Browser&gt;&#xD;&#xA;    &lt;EnableScriptLogging&gt;false&lt;/EnableScriptLogging&gt;&#xD;&#xA;    &lt;BaseUrl /&gt;&#xD;&#xA;    &lt;KillBrowserProcessOnClose&gt;false&lt;/KillBrowserProcessOnClose&gt;&#xD;&#xA;    &lt;UseHttpProxy&gt;false&lt;/UseHttpProxy&gt;&#xD;&#xA;    &lt;EnableSilverlight&gt;false&lt;/EnableSilverlight&gt;&#xD;&#xA;    &lt;VerboseHttpProxy&gt;false&lt;/VerboseHttpProxy&gt;&#xD;&#xA;    &lt;SilverlightConnectTimeout&gt;60000&lt;/SilverlightConnectTimeout&gt;&#xD;&#xA;  &lt;/Web&gt;&#xD;&#xA;  &lt;Wpf&gt;&#xD;&#xA;    &lt;DefaultApplicationPath /&gt;&#xD;&#xA;  &lt;/Wpf&gt;&#xD;&#xA;  &lt;CreateLogFile&gt;true&lt;/CreateLogFile&gt;&#xD;&#xA;  &lt;LogLocation&gt;C:\WebAiiLog\&lt;/LogLocation&gt;&#xD;&#xA;  &lt;QueryEventLogErrorsOnExit&gt;false&lt;/QueryEventLogErrorsOnExit&gt;&#xD;&#xA;  &lt;LogAnnotations&gt;false&lt;/LogAnnotations&gt;&#xD;&#xA;  &lt;SimulatedMouseMoveSpeed&gt;0.3&lt;/SimulatedMouseMoveSpeed&gt;&#xD;&#xA;  &lt;WaitCheckInterval&gt;500&lt;/WaitCheckInterval&gt;&#xD;&#xA;  &lt;ElementWaitTimeout&gt;30000&lt;/ElementWaitTimeout&gt;&#xD;&#xA;  &lt;ExecuteCommandTimeout&gt;20000&lt;/ExecuteCommandTimeout&gt;&#xD;&#xA;  &lt;ExecutionDelay&gt;0&lt;/ExecutionDelay&gt;&#xD;&#xA;  &lt;UnexpectedDialogAction&gt;HandleAndFailTest&lt;/UnexpectedDialogAction&gt;&#xD;&#xA;  &lt;AnnotateExecution&gt;false&lt;/AnnotateExecution&gt;&#xD;&#xA;  &lt;AnnotationMode&gt;All&lt;/AnnotationMode&gt;&#xD;&#xA;  &lt;XMultiMgr&gt;true&lt;/XMultiMgr&gt;&#xD;&#xA;  &lt;ClientReadyTimeout&gt;60000&lt;/ClientReadyTimeout&gt;&#xD;&#xA;&lt;/Settings&gt;" xmlns="http://artoftest.com/schemas/WebAiiDesignCanvas/1.0.0" />
          </TestTypeSpecific>
          <AgentRule name="LocalMachineDefaultRole">
          </AgentRule>
        </Execution>
        <Deployment runDeploymentRoot="1_TOSHIBA 2016-01-28 22_18_04" />
        <Properties>
          <Property name="TestSettingsUIType" value="UnitTest" />
        </Properties>
      </TestSettings>
      <WebTestResultFilePath>1_TOSHIBA 2016-01-28 22_18_04\In\efc67c57-42e9-4f8f-8543-c2847ed18d7a\NavigationToCoursesPage.webtestResult</WebTestResultFilePath>
    </WebTestResult>
  </Results>
</TestRun>